<?xml version="1.0" encoding="UTF-8"?>
<testsuite name="com.vadym.test.GroupDeletionTests" tests="1" skipped="0" failures="0" errors="0" timestamp="2020-09-20T20:22:52" hostname="WIS-TREADRIPPER" time="1.189">
  <properties/>
  <testcase name="testGroupDeletion" classname="com.vadym.test.GroupDeletionTests" time="1.189"/>
  <system-out><![CDATA[]]></system-out>
  <system-err><![CDATA[]]></system-err>
</testsuite>
