<?xml version="1.0" encoding="UTF-8"?>
<testsuite name="com.vadym.test.GroupModificationTests" tests="1" skipped="0" failures="0" errors="0" timestamp="2020-09-20T20:22:50" hostname="WIS-TREADRIPPER" time="2.185">
  <properties/>
  <testcase name="testGroupModification" classname="com.vadym.test.GroupModificationTests" time="2.185"/>
  <system-out><![CDATA[]]></system-out>
  <system-err><![CDATA[]]></system-err>
</testsuite>
