<?xml version="1.0" encoding="UTF-8"?>
<testsuite name="com.vadym.test.GroupCreationTests" tests="6" skipped="0" failures="0" errors="0" timestamp="2020-09-20T20:22:37" hostname="WIS-TREADRIPPER" time="12.526">
  <properties/>
  <testcase name="badGroupCreationTest" classname="com.vadym.test.GroupCreationTests" time="2.695"/>
  <testcase name="groupCreationTest[0](GroupData{id=2147483647, name='test 0'})" classname="com.vadym.test.GroupCreationTests" time="1.828"/>
  <testcase name="groupCreationTest[1](GroupData{id=2147483647, name='test 1'})" classname="com.vadym.test.GroupCreationTests" time="1.957"/>
  <testcase name="groupCreationTest[2](GroupData{id=2147483647, name='test 2'})" classname="com.vadym.test.GroupCreationTests" time="1.946"/>
  <testcase name="groupCreationTest[3](GroupData{id=2147483647, name='test 3'})" classname="com.vadym.test.GroupCreationTests" time="1.926"/>
  <testcase name="groupCreationTest[4](GroupData{id=2147483647, name='test 4'})" classname="com.vadym.test.GroupCreationTests" time="2.133"/>
  <system-out><![CDATA[[GroupData{id=52, name='test 4'}, GroupData{id=44, name='test 1'}, GroupData{id=46, name='test 3'}, GroupData{id=29, name='test 1'}, GroupData{id=31, name='test 3'}, GroupData{id=33, name='test 0'}, GroupData{id=35, name='test 2'}, GroupData{id=37, name='test 4'}, GroupData{id=6, name='test 3'}, GroupData{id=23, name='test 0'}, GroupData{id=25, name='test 2'}, GroupData{id=27, name='test 4'}, GroupData{id=13, name='test1'}, GroupData{id=48, name='test1'}, GroupData{id=15, name='test1'}, GroupData{id=49, name='test 1'}, GroupData{id=51, name='test 3'}, GroupData{id=42, name='test1'}, GroupData{id=18, name='test 0'}, GroupData{id=20, name='test 2'}, GroupData{id=22, name='test 4'}, GroupData{id=38, name='test1'}, GroupData{id=39, name='test 1'}, GroupData{id=41, name='test 3'}, GroupData{id=8, name='test 0'}, GroupData{id=10, name='test 2'}, GroupData{id=12, name='test 4'}, GroupData{id=43, name='test 0'}, GroupData{id=45, name='test 2'}, GroupData{id=47, name='test 4'}, GroupData{id=3, name='test1'}, GroupData{id=28, name='test 0'}, GroupData{id=30, name='test 2'}, GroupData{id=32, name='test 4'}, GroupData{id=34, name='test 1'}, GroupData{id=36, name='test 3'}, GroupData{id=5, name='test 2'}, GroupData{id=7, name='test 4'}, GroupData{id=21, name='test1'}, GroupData{id=24, name='test 1'}, GroupData{id=26, name='test 3'}, GroupData{id=17, name='test1'}]
[GroupData{id=52, name='test 4'}, GroupData{id=44, name='test 1'}, GroupData{id=46, name='test 3'}, GroupData{id=29, name='test 1'}, GroupData{id=31, name='test 3'}, GroupData{id=33, name='test 0'}, GroupData{id=35, name='test 2'}, GroupData{id=37, name='test 4'}, GroupData{id=6, name='test 3'}, GroupData{id=23, name='test 0'}, GroupData{id=25, name='test 2'}, GroupData{id=27, name='test 4'}, GroupData{id=13, name='test1'}, GroupData{id=48, name='test1'}, GroupData{id=15, name='test1'}, GroupData{id=49, name='test 1'}, GroupData{id=51, name='test 3'}, GroupData{id=42, name='test1'}, GroupData{id=18, name='test 0'}, GroupData{id=20, name='test 2'}, GroupData{id=22, name='test 4'}, GroupData{id=38, name='test1'}, GroupData{id=39, name='test 1'}, GroupData{id=41, name='test 3'}, GroupData{id=8, name='test 0'}, GroupData{id=10, name='test 2'}, GroupData{id=12, name='test 4'}, GroupData{id=43, name='test 0'}, GroupData{id=45, name='test 2'}, GroupData{id=47, name='test 4'}, GroupData{id=3, name='test1'}, GroupData{id=28, name='test 0'}, GroupData{id=30, name='test 2'}, GroupData{id=32, name='test 4'}, GroupData{id=34, name='test 1'}, GroupData{id=36, name='test 3'}, GroupData{id=5, name='test 2'}, GroupData{id=7, name='test 4'}, GroupData{id=53, name='test 0'}, GroupData{id=21, name='test1'}, GroupData{id=24, name='test 1'}, GroupData{id=26, name='test 3'}, GroupData{id=17, name='test1'}]
[GroupData{id=52, name='test 4'}, GroupData{id=44, name='test 1'}, GroupData{id=46, name='test 3'}, GroupData{id=29, name='test 1'}, GroupData{id=31, name='test 3'}, GroupData{id=33, name='test 0'}, GroupData{id=35, name='test 2'}, GroupData{id=37, name='test 4'}, GroupData{id=6, name='test 3'}, GroupData{id=23, name='test 0'}, GroupData{id=25, name='test 2'}, GroupData{id=27, name='test 4'}, GroupData{id=13, name='test1'}, GroupData{id=48, name='test1'}, GroupData{id=15, name='test1'}, GroupData{id=49, name='test 1'}, GroupData{id=51, name='test 3'}, GroupData{id=42, name='test1'}, GroupData{id=18, name='test 0'}, GroupData{id=20, name='test 2'}, GroupData{id=22, name='test 4'}, GroupData{id=38, name='test1'}, GroupData{id=39, name='test 1'}, GroupData{id=41, name='test 3'}, GroupData{id=8, name='test 0'}, GroupData{id=10, name='test 2'}, GroupData{id=12, name='test 4'}, GroupData{id=43, name='test 0'}, GroupData{id=45, name='test 2'}, GroupData{id=47, name='test 4'}, GroupData{id=3, name='test1'}, GroupData{id=28, name='test 0'}, GroupData{id=30, name='test 2'}, GroupData{id=32, name='test 4'}, GroupData{id=34, name='test 1'}, GroupData{id=36, name='test 3'}, GroupData{id=5, name='test 2'}, GroupData{id=7, name='test 4'}, GroupData{id=53, name='test 0'}, GroupData{id=21, name='test1'}, GroupData{id=24, name='test 1'}, GroupData{id=26, name='test 3'}, GroupData{id=17, name='test1'}]
[GroupData{id=52, name='test 4'}, GroupData{id=44, name='test 1'}, GroupData{id=46, name='test 3'}, GroupData{id=29, name='test 1'}, GroupData{id=31, name='test 3'}, GroupData{id=33, name='test 0'}, GroupData{id=35, name='test 2'}, GroupData{id=37, name='test 4'}, GroupData{id=6, name='test 3'}, GroupData{id=54, name='test 1'}, GroupData{id=23, name='test 0'}, GroupData{id=25, name='test 2'}, GroupData{id=27, name='test 4'}, GroupData{id=13, name='test1'}, GroupData{id=48, name='test1'}, GroupData{id=15, name='test1'}, GroupData{id=49, name='test 1'}, GroupData{id=51, name='test 3'}, GroupData{id=42, name='test1'}, GroupData{id=18, name='test 0'}, GroupData{id=20, name='test 2'}, GroupData{id=22, name='test 4'}, GroupData{id=38, name='test1'}, GroupData{id=39, name='test 1'}, GroupData{id=41, name='test 3'}, GroupData{id=8, name='test 0'}, GroupData{id=10, name='test 2'}, GroupData{id=12, name='test 4'}, GroupData{id=43, name='test 0'}, GroupData{id=45, name='test 2'}, GroupData{id=47, name='test 4'}, GroupData{id=3, name='test1'}, GroupData{id=28, name='test 0'}, GroupData{id=30, name='test 2'}, GroupData{id=32, name='test 4'}, GroupData{id=34, name='test 1'}, GroupData{id=36, name='test 3'}, GroupData{id=5, name='test 2'}, GroupData{id=7, name='test 4'}, GroupData{id=53, name='test 0'}, GroupData{id=21, name='test1'}, GroupData{id=24, name='test 1'}, GroupData{id=26, name='test 3'}, GroupData{id=17, name='test1'}]
[GroupData{id=52, name='test 4'}, GroupData{id=44, name='test 1'}, GroupData{id=46, name='test 3'}, GroupData{id=29, name='test 1'}, GroupData{id=31, name='test 3'}, GroupData{id=33, name='test 0'}, GroupData{id=35, name='test 2'}, GroupData{id=37, name='test 4'}, GroupData{id=6, name='test 3'}, GroupData{id=54, name='test 1'}, GroupData{id=23, name='test 0'}, GroupData{id=25, name='test 2'}, GroupData{id=27, name='test 4'}, GroupData{id=13, name='test1'}, GroupData{id=48, name='test1'}, GroupData{id=15, name='test1'}, GroupData{id=49, name='test 1'}, GroupData{id=51, name='test 3'}, GroupData{id=42, name='test1'}, GroupData{id=18, name='test 0'}, GroupData{id=20, name='test 2'}, GroupData{id=22, name='test 4'}, GroupData{id=38, name='test1'}, GroupData{id=39, name='test 1'}, GroupData{id=41, name='test 3'}, GroupData{id=8, name='test 0'}, GroupData{id=10, name='test 2'}, GroupData{id=12, name='test 4'}, GroupData{id=43, name='test 0'}, GroupData{id=45, name='test 2'}, GroupData{id=47, name='test 4'}, GroupData{id=3, name='test1'}, GroupData{id=28, name='test 0'}, GroupData{id=30, name='test 2'}, GroupData{id=32, name='test 4'}, GroupData{id=34, name='test 1'}, GroupData{id=36, name='test 3'}, GroupData{id=5, name='test 2'}, GroupData{id=7, name='test 4'}, GroupData{id=53, name='test 0'}, GroupData{id=21, name='test1'}, GroupData{id=24, name='test 1'}, GroupData{id=26, name='test 3'}, GroupData{id=17, name='test1'}]
[GroupData{id=52, name='test 4'}, GroupData{id=44, name='test 1'}, GroupData{id=46, name='test 3'}, GroupData{id=29, name='test 1'}, GroupData{id=31, name='test 3'}, GroupData{id=33, name='test 0'}, GroupData{id=35, name='test 2'}, GroupData{id=37, name='test 4'}, GroupData{id=6, name='test 3'}, GroupData{id=54, name='test 1'}, GroupData{id=23, name='test 0'}, GroupData{id=25, name='test 2'}, GroupData{id=27, name='test 4'}, GroupData{id=13, name='test1'}, GroupData{id=48, name='test1'}, GroupData{id=15, name='test1'}, GroupData{id=49, name='test 1'}, GroupData{id=51, name='test 3'}, GroupData{id=42, name='test1'}, GroupData{id=18, name='test 0'}, GroupData{id=20, name='test 2'}, GroupData{id=22, name='test 4'}, GroupData{id=38, name='test1'}, GroupData{id=39, name='test 1'}, GroupData{id=41, name='test 3'}, GroupData{id=8, name='test 0'}, GroupData{id=10, name='test 2'}, GroupData{id=12, name='test 4'}, GroupData{id=43, name='test 0'}, GroupData{id=45, name='test 2'}, GroupData{id=47, name='test 4'}, GroupData{id=3, name='test1'}, GroupData{id=28, name='test 0'}, GroupData{id=30, name='test 2'}, GroupData{id=32, name='test 4'}, GroupData{id=34, name='test 1'}, GroupData{id=36, name='test 3'}, GroupData{id=5, name='test 2'}, GroupData{id=7, name='test 4'}, GroupData{id=53, name='test 0'}, GroupData{id=55, name='test 2'}, GroupData{id=21, name='test1'}, GroupData{id=24, name='test 1'}, GroupData{id=26, name='test 3'}, GroupData{id=17, name='test1'}]
[GroupData{id=52, name='test 4'}, GroupData{id=44, name='test 1'}, GroupData{id=46, name='test 3'}, GroupData{id=29, name='test 1'}, GroupData{id=31, name='test 3'}, GroupData{id=33, name='test 0'}, GroupData{id=35, name='test 2'}, GroupData{id=37, name='test 4'}, GroupData{id=6, name='test 3'}, GroupData{id=54, name='test 1'}, GroupData{id=23, name='test 0'}, GroupData{id=25, name='test 2'}, GroupData{id=27, name='test 4'}, GroupData{id=13, name='test1'}, GroupData{id=48, name='test1'}, GroupData{id=15, name='test1'}, GroupData{id=49, name='test 1'}, GroupData{id=51, name='test 3'}, GroupData{id=42, name='test1'}, GroupData{id=18, name='test 0'}, GroupData{id=20, name='test 2'}, GroupData{id=22, name='test 4'}, GroupData{id=38, name='test1'}, GroupData{id=39, name='test 1'}, GroupData{id=41, name='test 3'}, GroupData{id=8, name='test 0'}, GroupData{id=10, name='test 2'}, GroupData{id=12, name='test 4'}, GroupData{id=43, name='test 0'}, GroupData{id=45, name='test 2'}, GroupData{id=47, name='test 4'}, GroupData{id=3, name='test1'}, GroupData{id=28, name='test 0'}, GroupData{id=30, name='test 2'}, GroupData{id=32, name='test 4'}, GroupData{id=34, name='test 1'}, GroupData{id=36, name='test 3'}, GroupData{id=5, name='test 2'}, GroupData{id=7, name='test 4'}, GroupData{id=53, name='test 0'}, GroupData{id=55, name='test 2'}, GroupData{id=21, name='test1'}, GroupData{id=24, name='test 1'}, GroupData{id=26, name='test 3'}, GroupData{id=17, name='test1'}]
[GroupData{id=52, name='test 4'}, GroupData{id=44, name='test 1'}, GroupData{id=46, name='test 3'}, GroupData{id=29, name='test 1'}, GroupData{id=31, name='test 3'}, GroupData{id=33, name='test 0'}, GroupData{id=35, name='test 2'}, GroupData{id=37, name='test 4'}, GroupData{id=6, name='test 3'}, GroupData{id=54, name='test 1'}, GroupData{id=56, name='test 3'}, GroupData{id=23, name='test 0'}, GroupData{id=25, name='test 2'}, GroupData{id=27, name='test 4'}, GroupData{id=13, name='test1'}, GroupData{id=48, name='test1'}, GroupData{id=15, name='test1'}, GroupData{id=49, name='test 1'}, GroupData{id=51, name='test 3'}, GroupData{id=42, name='test1'}, GroupData{id=18, name='test 0'}, GroupData{id=20, name='test 2'}, GroupData{id=22, name='test 4'}, GroupData{id=38, name='test1'}, GroupData{id=39, name='test 1'}, GroupData{id=41, name='test 3'}, GroupData{id=8, name='test 0'}, GroupData{id=10, name='test 2'}, GroupData{id=12, name='test 4'}, GroupData{id=43, name='test 0'}, GroupData{id=45, name='test 2'}, GroupData{id=47, name='test 4'}, GroupData{id=3, name='test1'}, GroupData{id=28, name='test 0'}, GroupData{id=30, name='test 2'}, GroupData{id=32, name='test 4'}, GroupData{id=34, name='test 1'}, GroupData{id=36, name='test 3'}, GroupData{id=5, name='test 2'}, GroupData{id=7, name='test 4'}, GroupData{id=53, name='test 0'}, GroupData{id=55, name='test 2'}, GroupData{id=21, name='test1'}, GroupData{id=24, name='test 1'}, GroupData{id=26, name='test 3'}, GroupData{id=17, name='test1'}]
[GroupData{id=52, name='test 4'}, GroupData{id=44, name='test 1'}, GroupData{id=46, name='test 3'}, GroupData{id=29, name='test 1'}, GroupData{id=31, name='test 3'}, GroupData{id=33, name='test 0'}, GroupData{id=35, name='test 2'}, GroupData{id=37, name='test 4'}, GroupData{id=6, name='test 3'}, GroupData{id=54, name='test 1'}, GroupData{id=56, name='test 3'}, GroupData{id=23, name='test 0'}, GroupData{id=25, name='test 2'}, GroupData{id=27, name='test 4'}, GroupData{id=13, name='test1'}, GroupData{id=48, name='test1'}, GroupData{id=15, name='test1'}, GroupData{id=49, name='test 1'}, GroupData{id=51, name='test 3'}, GroupData{id=42, name='test1'}, GroupData{id=18, name='test 0'}, GroupData{id=20, name='test 2'}, GroupData{id=22, name='test 4'}, GroupData{id=38, name='test1'}, GroupData{id=39, name='test 1'}, GroupData{id=41, name='test 3'}, GroupData{id=8, name='test 0'}, GroupData{id=10, name='test 2'}, GroupData{id=12, name='test 4'}, GroupData{id=43, name='test 0'}, GroupData{id=45, name='test 2'}, GroupData{id=47, name='test 4'}, GroupData{id=3, name='test1'}, GroupData{id=28, name='test 0'}, GroupData{id=30, name='test 2'}, GroupData{id=32, name='test 4'}, GroupData{id=34, name='test 1'}, GroupData{id=36, name='test 3'}, GroupData{id=5, name='test 2'}, GroupData{id=7, name='test 4'}, GroupData{id=53, name='test 0'}, GroupData{id=55, name='test 2'}, GroupData{id=21, name='test1'}, GroupData{id=24, name='test 1'}, GroupData{id=26, name='test 3'}, GroupData{id=17, name='test1'}]
[GroupData{id=52, name='test 4'}, GroupData{id=44, name='test 1'}, GroupData{id=46, name='test 3'}, GroupData{id=29, name='test 1'}, GroupData{id=31, name='test 3'}, GroupData{id=33, name='test 0'}, GroupData{id=35, name='test 2'}, GroupData{id=37, name='test 4'}, GroupData{id=6, name='test 3'}, GroupData{id=54, name='test 1'}, GroupData{id=56, name='test 3'}, GroupData{id=23, name='test 0'}, GroupData{id=25, name='test 2'}, GroupData{id=27, name='test 4'}, GroupData{id=13, name='test1'}, GroupData{id=48, name='test1'}, GroupData{id=15, name='test1'}, GroupData{id=49, name='test 1'}, GroupData{id=51, name='test 3'}, GroupData{id=42, name='test1'}, GroupData{id=18, name='test 0'}, GroupData{id=20, name='test 2'}, GroupData{id=22, name='test 4'}, GroupData{id=38, name='test1'}, GroupData{id=39, name='test 1'}, GroupData{id=41, name='test 3'}, GroupData{id=8, name='test 0'}, GroupData{id=10, name='test 2'}, GroupData{id=12, name='test 4'}, GroupData{id=43, name='test 0'}, GroupData{id=45, name='test 2'}, GroupData{id=47, name='test 4'}, GroupData{id=3, name='test1'}, GroupData{id=28, name='test 0'}, GroupData{id=30, name='test 2'}, GroupData{id=32, name='test 4'}, GroupData{id=34, name='test 1'}, GroupData{id=36, name='test 3'}, GroupData{id=5, name='test 2'}, GroupData{id=7, name='test 4'}, GroupData{id=53, name='test 0'}, GroupData{id=55, name='test 2'}, GroupData{id=57, name='test 4'}, GroupData{id=21, name='test1'}, GroupData{id=24, name='test 1'}, GroupData{id=26, name='test 3'}, GroupData{id=17, name='test1'}]
]]></system-out>
  <system-err><![CDATA[]]></system-err>
</testsuite>
