<?xml version="1.0" encoding="UTF-8"?>
<testsuite name="com.vadym.test.ContactCreationTests" tests="1" skipped="0" failures="0" errors="0" timestamp="2020-09-20T20:22:17" hostname="WIS-TREADRIPPER" time="0.768">
  <properties/>
  <testcase name="contactCreationTest" classname="com.vadym.test.ContactCreationTests" time="0.768"/>
  <system-out><![CDATA[]]></system-out>
  <system-err><![CDATA[]]></system-err>
</testsuite>
